0 info it worked if it ends with ok
1 verbose cli [ '/usr/bin/nodejs',
1 verbose cli   '/usr/bin/npm',
1 verbose cli   'install',
1 verbose cli   'express-load',
1 verbose cli   '--save' ]
2 info using npm@3.10.3
3 info using node@v6.3.1
4 silly loadCurrentTree Starting
5 silly install loadCurrentTree
6 silly install readLocalPackageData
7 silly fetchPackageMetaData express-load
8 silly fetchNamedPackageData express-load
9 silly mapToRegistry name express-load
10 silly mapToRegistry using default registry
11 silly mapToRegistry registry https://registry.npmjs.org/
12 silly mapToRegistry data Result {
12 silly mapToRegistry   raw: 'express-load',
12 silly mapToRegistry   scope: null,
12 silly mapToRegistry   escapedName: 'express-load',
12 silly mapToRegistry   name: 'express-load',
12 silly mapToRegistry   rawSpec: '',
12 silly mapToRegistry   spec: 'latest',
12 silly mapToRegistry   type: 'tag' }
13 silly mapToRegistry uri https://registry.npmjs.org/express-load
14 verbose request uri https://registry.npmjs.org/express-load
15 verbose request no auth needed
16 info attempt registry request try #1 at 4:41:41 PM
17 verbose request id 75508a12daed4b53
18 http request GET https://registry.npmjs.org/express-load
19 http 200 https://registry.npmjs.org/express-load
20 verbose headers { server: 'CouchDB/1.6.1 (Erlang OTP/R16B03)',
20 verbose headers   etag: '"DNA12GP3IG7DFTP6T4KZXLUEF"',
20 verbose headers   'content-type': 'application/json',
20 verbose headers   'content-encoding': 'gzip',
20 verbose headers   'cache-control': 'max-age=300',
20 verbose headers   'content-length': '5702',
20 verbose headers   'accept-ranges': 'bytes',
20 verbose headers   date: 'Thu, 18 Aug 2016 19:41:41 GMT',
20 verbose headers   via: '1.1 varnish',
20 verbose headers   age: '0',
20 verbose headers   connection: 'keep-alive',
20 verbose headers   'x-served-by': 'cache-gru7127-GRU',
20 verbose headers   'x-cache': 'HIT',
20 verbose headers   'x-cache-hits': '1',
20 verbose headers   'x-timer': 'S1471549301.622029,VS0,VE155',
20 verbose headers   vary: 'Accept-Encoding' }
21 silly get cb [ 200,
21 silly get   { server: 'CouchDB/1.6.1 (Erlang OTP/R16B03)',
21 silly get     etag: '"DNA12GP3IG7DFTP6T4KZXLUEF"',
21 silly get     'content-type': 'application/json',
21 silly get     'content-encoding': 'gzip',
21 silly get     'cache-control': 'max-age=300',
21 silly get     'content-length': '5702',
21 silly get     'accept-ranges': 'bytes',
21 silly get     date: 'Thu, 18 Aug 2016 19:41:41 GMT',
21 silly get     via: '1.1 varnish',
21 silly get     age: '0',
21 silly get     connection: 'keep-alive',
21 silly get     'x-served-by': 'cache-gru7127-GRU',
21 silly get     'x-cache': 'HIT',
21 silly get     'x-cache-hits': '1',
21 silly get     'x-timer': 'S1471549301.622029,VS0,VE155',
21 silly get     vary: 'Accept-Encoding' } ]
22 verbose get saving express-load to /home/christopher/.npm/registry.npmjs.org/express-load/.cache.json
23 verbose correctMkdir /home/christopher/.npm correctMkdir not in flight; initializing
24 silly install normalizeTree
25 silly loadCurrentTree Finishing
26 silly loadIdealTree Starting
27 silly install loadIdealTree
28 silly cloneCurrentTree Starting
29 silly install cloneCurrentTreeToIdealTree
30 silly cloneCurrentTree Finishing
31 silly loadShrinkwrap Starting
32 silly install loadShrinkwrap
33 silly loadShrinkwrap Finishing
34 silly loadAllDepsIntoIdealTree Starting
35 silly install loadAllDepsIntoIdealTree
36 silly resolveWithNewModule express-load@1.1.15 checking installable status
37 silly cache add args [ 'express-load', null ]
38 verbose cache add spec express-load
39 silly cache add parsed spec Result {
39 silly cache add   raw: 'express-load',
39 silly cache add   scope: null,
39 silly cache add   escapedName: 'express-load',
39 silly cache add   name: 'express-load',
39 silly cache add   rawSpec: '',
39 silly cache add   spec: 'latest',
39 silly cache add   type: 'tag' }
40 silly addNamed express-load@latest
41 verbose addNamed "latest" is being treated as a dist-tag for express-load
42 info addNameTag [ 'express-load', 'latest' ]
43 silly mapToRegistry name express-load
44 silly mapToRegistry using default registry
45 silly mapToRegistry registry https://registry.npmjs.org/
46 silly mapToRegistry data Result {
46 silly mapToRegistry   raw: 'express-load',
46 silly mapToRegistry   scope: null,
46 silly mapToRegistry   escapedName: 'express-load',
46 silly mapToRegistry   name: 'express-load',
46 silly mapToRegistry   rawSpec: '',
46 silly mapToRegistry   spec: 'latest',
46 silly mapToRegistry   type: 'tag' }
47 silly mapToRegistry uri https://registry.npmjs.org/express-load
48 verbose addNameTag registry:https://registry.npmjs.org/express-load not in flight; fetching
49 verbose get https://registry.npmjs.org/express-load not expired, no request
50 silly addNameTag next cb for express-load with tag latest
51 silly addNamed express-load@1.1.15
52 verbose addNamed "1.1.15" is a plain semver version for express-load
53 silly mapToRegistry name express-load
54 silly mapToRegistry using default registry
55 silly mapToRegistry registry https://registry.npmjs.org/
56 silly mapToRegistry data Result {
56 silly mapToRegistry   raw: 'express-load',
56 silly mapToRegistry   scope: null,
56 silly mapToRegistry   escapedName: 'express-load',
56 silly mapToRegistry   name: 'express-load',
56 silly mapToRegistry   rawSpec: '',
56 silly mapToRegistry   spec: 'latest',
56 silly mapToRegistry   type: 'tag' }
57 silly mapToRegistry uri https://registry.npmjs.org/express-load
58 verbose addRemoteTarball https://registry.npmjs.org/express-load/-/express-load-1.1.15.tgz not in flight; adding
59 verbose addRemoteTarball [ 'https://registry.npmjs.org/express-load/-/express-load-1.1.15.tgz',
59 verbose addRemoteTarball   '7a1b29d98b9eb25a8a069eca315808d05f013929' ]
60 info retry fetch attempt 1 at 4:41:41 PM
61 info attempt registry request try #1 at 4:41:41 PM
62 http fetch GET https://registry.npmjs.org/express-load/-/express-load-1.1.15.tgz
63 http fetch 200 https://registry.npmjs.org/express-load/-/express-load-1.1.15.tgz
64 silly fetchAndShaCheck shasum 7a1b29d98b9eb25a8a069eca315808d05f013929
65 verbose addTmpTarball /tmp/npm-8713-07ee56c5/registry.npmjs.org/express-load/-/express-load-1.1.15.tgz not in flight; adding
66 verbose addTmpTarball already have metadata; skipping unpack for express-load@1.1.15
67 verbose correctMkdir /home/christopher/.npm correctMkdir not in flight; initializing
68 silly cache afterAdd express-load@1.1.15
69 verbose afterAdd /home/christopher/.npm/express-load/1.1.15/package/package.json not in flight; writing
70 verbose correctMkdir /home/christopher/.npm correctMkdir not in flight; initializing
71 verbose afterAdd /home/christopher/.npm/express-load/1.1.15/package/package.json written
72 silly fetchNamedPackageData async
73 silly mapToRegistry name async
74 silly mapToRegistry using default registry
75 silly mapToRegistry registry https://registry.npmjs.org/
76 silly mapToRegistry data Result {
76 silly mapToRegistry   raw: 'async',
76 silly mapToRegistry   scope: null,
76 silly mapToRegistry   escapedName: 'async',
76 silly mapToRegistry   name: 'async',
76 silly mapToRegistry   rawSpec: '',
76 silly mapToRegistry   spec: 'latest',
76 silly mapToRegistry   type: 'tag' }
77 silly mapToRegistry uri https://registry.npmjs.org/async
78 verbose request uri https://registry.npmjs.org/async
79 verbose request no auth needed
80 info attempt registry request try #1 at 4:41:41 PM
81 verbose etag "6PRXRI28NIS41WET2DZZNB650"
82 http request GET https://registry.npmjs.org/async
83 http 304 https://registry.npmjs.org/async
84 verbose headers { date: 'Thu, 18 Aug 2016 19:41:42 GMT',
84 verbose headers   via: '1.1 varnish',
84 verbose headers   'cache-control': 'max-age=300',
84 verbose headers   etag: '"6PRXRI28NIS41WET2DZZNB650"',
84 verbose headers   age: '48',
84 verbose headers   connection: 'keep-alive',
84 verbose headers   'x-served-by': 'cache-gru7127-GRU',
84 verbose headers   'x-cache': 'HIT',
84 verbose headers   'x-cache-hits': '4',
84 verbose headers   'x-timer': 'S1471549302.022076,VS0,VE0',
84 verbose headers   vary: 'Accept-Encoding' }
85 silly get cb [ 304,
85 silly get   { date: 'Thu, 18 Aug 2016 19:41:42 GMT',
85 silly get     via: '1.1 varnish',
85 silly get     'cache-control': 'max-age=300',
85 silly get     etag: '"6PRXRI28NIS41WET2DZZNB650"',
85 silly get     age: '48',
85 silly get     connection: 'keep-alive',
85 silly get     'x-served-by': 'cache-gru7127-GRU',
85 silly get     'x-cache': 'HIT',
85 silly get     'x-cache-hits': '4',
85 silly get     'x-timer': 'S1471549302.022076,VS0,VE0',
85 silly get     vary: 'Accept-Encoding' } ]
86 verbose etag https://registry.npmjs.org/async from cache
87 verbose get saving async to /home/christopher/.npm/registry.npmjs.org/async/.cache.json
88 verbose correctMkdir /home/christopher/.npm correctMkdir not in flight; initializing
89 silly resolveWithNewModule async@0.2.9 checking installable status
90 silly cache add args [ 'async@0.2.9', null ]
91 verbose cache add spec async@0.2.9
92 silly cache add parsed spec Result {
92 silly cache add   raw: 'async@0.2.9',
92 silly cache add   scope: null,
92 silly cache add   escapedName: 'async',
92 silly cache add   name: 'async',
92 silly cache add   rawSpec: '0.2.9',
92 silly cache add   spec: '0.2.9',
92 silly cache add   type: 'version' }
93 silly addNamed async@0.2.9
94 verbose addNamed "0.2.9" is a plain semver version for async
95 silly mapToRegistry name async
96 silly mapToRegistry using default registry
97 silly mapToRegistry registry https://registry.npmjs.org/
98 silly mapToRegistry data Result {
98 silly mapToRegistry   raw: 'async',
98 silly mapToRegistry   scope: null,
98 silly mapToRegistry   escapedName: 'async',
98 silly mapToRegistry   name: 'async',
98 silly mapToRegistry   rawSpec: '',
98 silly mapToRegistry   spec: 'latest',
98 silly mapToRegistry   type: 'tag' }
99 silly mapToRegistry uri https://registry.npmjs.org/async
100 verbose addNameVersion registry:https://registry.npmjs.org/async not in flight; fetching
101 verbose get https://registry.npmjs.org/async not expired, no request
102 silly mapToRegistry name async
103 silly mapToRegistry using default registry
104 silly mapToRegistry registry https://registry.npmjs.org/
105 silly mapToRegistry data Result {
105 silly mapToRegistry   raw: 'async',
105 silly mapToRegistry   scope: null,
105 silly mapToRegistry   escapedName: 'async',
105 silly mapToRegistry   name: 'async',
105 silly mapToRegistry   rawSpec: '',
105 silly mapToRegistry   spec: 'latest',
105 silly mapToRegistry   type: 'tag' }
106 silly mapToRegistry uri https://registry.npmjs.org/async
107 verbose addRemoteTarball https://registry.npmjs.org/async/-/async-0.2.9.tgz not in flight; adding
108 verbose addRemoteTarball [ 'https://registry.npmjs.org/async/-/async-0.2.9.tgz',
108 verbose addRemoteTarball   'df63060fbf3d33286a76aaf6d55a2986d9ff8619' ]
109 info retry fetch attempt 1 at 4:41:41 PM
110 info attempt registry request try #1 at 4:41:41 PM
111 http fetch GET https://registry.npmjs.org/async/-/async-0.2.9.tgz
112 http fetch 200 https://registry.npmjs.org/async/-/async-0.2.9.tgz
113 silly fetchAndShaCheck shasum df63060fbf3d33286a76aaf6d55a2986d9ff8619
114 verbose addTmpTarball /tmp/npm-8713-07ee56c5/registry.npmjs.org/async/-/async-0.2.9.tgz not in flight; adding
115 verbose addTmpTarball already have metadata; skipping unpack for async@0.2.9
116 verbose correctMkdir /home/christopher/.npm correctMkdir not in flight; initializing
117 silly cache afterAdd async@0.2.9
118 verbose afterAdd /home/christopher/.npm/async/0.2.9/package/package.json not in flight; writing
119 verbose correctMkdir /home/christopher/.npm correctMkdir not in flight; initializing
120 verbose afterAdd /home/christopher/.npm/async/0.2.9/package/package.json written
121 silly loadAllDepsIntoIdealTree Finishing
122 silly loadIdealTree Finishing
123 silly currentTree casadocodigo@1.0.0
123 silly currentTree ├── accepts@1.3.3
123 silly currentTree ├── array-flatten@1.1.1
123 silly currentTree ├── bignumber.js@2.3.0
123 silly currentTree ├── content-disposition@0.5.1
123 silly currentTree ├── content-type@1.0.2
123 silly currentTree ├── cookie-signature@1.0.6
123 silly currentTree ├── cookie@0.3.1
123 silly currentTree ├── core-util-is@1.0.2
123 silly currentTree ├── debug@2.2.0
123 silly currentTree ├── depd@1.1.0
123 silly currentTree ├── destroy@1.0.4
123 silly currentTree ├── ee-first@1.1.1
123 silly currentTree ├── ejs@2.5.1
123 silly currentTree ├── encodeurl@1.0.1
123 silly currentTree ├── escape-html@1.0.3
123 silly currentTree ├── etag@1.7.0
123 silly currentTree ├── express@4.14.0
123 silly currentTree ├── finalhandler@0.5.0
123 silly currentTree ├── forwarded@0.1.0
123 silly currentTree ├── fresh@0.3.0
123 silly currentTree ├── http-errors@1.5.0
123 silly currentTree ├── inherits@2.0.1
123 silly currentTree ├── ipaddr.js@1.1.1
123 silly currentTree ├── isarray@0.0.1
123 silly currentTree ├── media-typer@0.3.0
123 silly currentTree ├── merge-descriptors@1.0.1
123 silly currentTree ├── methods@1.1.2
123 silly currentTree ├── mime-db@1.23.0
123 silly currentTree ├── mime-types@2.1.11
123 silly currentTree ├── mime@1.3.4
123 silly currentTree ├── ms@0.7.1
123 silly currentTree ├── mysql@2.11.1
123 silly currentTree ├── negotiator@0.6.1
123 silly currentTree ├── on-finished@2.3.0
123 silly currentTree ├── parseurl@1.3.1
123 silly currentTree ├── path-to-regexp@0.1.7
123 silly currentTree ├── proxy-addr@1.1.2
123 silly currentTree ├── qs@6.2.0
123 silly currentTree ├── range-parser@1.2.0
123 silly currentTree ├── readable-stream@1.1.14
123 silly currentTree ├── send@0.14.1
123 silly currentTree ├── serve-static@1.11.1
123 silly currentTree ├── setprototypeof@1.0.1
123 silly currentTree ├── sqlstring@2.0.1
123 silly currentTree ├── statuses@1.3.0
123 silly currentTree ├── string_decoder@0.10.31
123 silly currentTree ├── type-is@1.6.13
123 silly currentTree ├── unpipe@1.0.0
123 silly currentTree ├── utils-merge@1.0.0
123 silly currentTree └── vary@1.1.0
124 silly idealTree casadocodigo@1.0.0
124 silly idealTree ├── accepts@1.3.3
124 silly idealTree ├── array-flatten@1.1.1
124 silly idealTree ├── async@0.2.9
124 silly idealTree ├── bignumber.js@2.3.0
124 silly idealTree ├── content-disposition@0.5.1
124 silly idealTree ├── content-type@1.0.2
124 silly idealTree ├── cookie-signature@1.0.6
124 silly idealTree ├── cookie@0.3.1
124 silly idealTree ├── core-util-is@1.0.2
124 silly idealTree ├── debug@2.2.0
124 silly idealTree ├── depd@1.1.0
124 silly idealTree ├── destroy@1.0.4
124 silly idealTree ├── ee-first@1.1.1
124 silly idealTree ├── ejs@2.5.1
124 silly idealTree ├── encodeurl@1.0.1
124 silly idealTree ├── escape-html@1.0.3
124 silly idealTree ├── etag@1.7.0
124 silly idealTree ├── express-load@1.1.15
124 silly idealTree ├── express@4.14.0
124 silly idealTree ├── finalhandler@0.5.0
124 silly idealTree ├── forwarded@0.1.0
124 silly idealTree ├── fresh@0.3.0
124 silly idealTree ├── http-errors@1.5.0
124 silly idealTree ├── inherits@2.0.1
124 silly idealTree ├── ipaddr.js@1.1.1
124 silly idealTree ├── isarray@0.0.1
124 silly idealTree ├── media-typer@0.3.0
124 silly idealTree ├── merge-descriptors@1.0.1
124 silly idealTree ├── methods@1.1.2
124 silly idealTree ├── mime-db@1.23.0
124 silly idealTree ├── mime-types@2.1.11
124 silly idealTree ├── mime@1.3.4
124 silly idealTree ├── ms@0.7.1
124 silly idealTree ├── mysql@2.11.1
124 silly idealTree ├── negotiator@0.6.1
124 silly idealTree ├── on-finished@2.3.0
124 silly idealTree ├── parseurl@1.3.1
124 silly idealTree ├── path-to-regexp@0.1.7
124 silly idealTree ├── proxy-addr@1.1.2
124 silly idealTree ├── qs@6.2.0
124 silly idealTree ├── range-parser@1.2.0
124 silly idealTree ├── readable-stream@1.1.14
124 silly idealTree ├── send@0.14.1
124 silly idealTree ├── serve-static@1.11.1
124 silly idealTree ├── setprototypeof@1.0.1
124 silly idealTree ├── sqlstring@2.0.1
124 silly idealTree ├── statuses@1.3.0
124 silly idealTree ├── string_decoder@0.10.31
124 silly idealTree ├── type-is@1.6.13
124 silly idealTree ├── unpipe@1.0.0
124 silly idealTree ├── utils-merge@1.0.0
124 silly idealTree └── vary@1.1.0
125 silly generateActionsToTake Starting
126 silly install generateActionsToTake
127 warn checkPermissions Missing write access to /home/christopher/Projetos/teste-node/casadocodigo/node_modules
128 silly rollbackFailedOptional Starting
129 silly rollbackFailedOptional Finishing
130 silly runTopLevelLifecycles Starting
131 silly runTopLevelLifecycles Finishing
132 silly install printInstalled
133 warn casadocodigo@1.0.0 No repository field.
134 verbose stack Error: EACCES: permission denied, access '/home/christopher/Projetos/teste-node/casadocodigo/node_modules'
134 verbose stack     at Error (native)
135 verbose cwd /home/christopher/Projetos/teste-node/casadocodigo
136 error Linux 3.16.0-73-generic
137 error argv "/usr/bin/nodejs" "/usr/bin/npm" "install" "express-load" "--save"
138 error node v6.3.1
139 error npm  v3.10.3
140 error path /home/christopher/Projetos/teste-node/casadocodigo/node_modules
141 error code EACCES
142 error errno -13
143 error syscall access
144 error Error: EACCES: permission denied, access '/home/christopher/Projetos/teste-node/casadocodigo/node_modules'
144 error     at Error (native)
144 error  { Error: EACCES: permission denied, access '/home/christopher/Projetos/teste-node/casadocodigo/node_modules'
144 error     at Error (native)
144 error   errno: -13,
144 error   code: 'EACCES',
144 error   syscall: 'access',
144 error   path: '/home/christopher/Projetos/teste-node/casadocodigo/node_modules' }
145 error Please try running this command again as root/Administrator.
146 verbose exit [ -13, true ]
